f:\development\combat2d\release\vc120.pdb
f:\development\combat2d\release\texture.obj
f:\development\combat2d\release\render.obj
f:\development\combat2d\release\object.obj
f:\development\combat2d\release\math.obj
f:\development\combat2d\release\main.obj
f:\development\combat2d\release\level.obj
f:\development\combat2d\release\inventory.obj
f:\development\combat2d\release\gui_window.obj
f:\development\combat2d\release\gui_text.obj
f:\development\combat2d\release\gui_element.obj
f:\development\combat2d\release\gui.obj
f:\development\combat2d\release\gettimeofday.obj
f:\development\combat2d\release\game.obj
f:\development\combat2d\release\gui_button.obj
f:\development\combat2d\release\combat2d.exe
f:\development\combat2d\release\combat2d.pdb
f:\development\combat2d\release\combat2d.tlog\cl.command.1.tlog
f:\development\combat2d\release\combat2d.tlog\cl.read.1.tlog
f:\development\combat2d\release\combat2d.tlog\cl.write.1.tlog
f:\development\combat2d\release\combat2d.tlog\link.command.1.tlog
f:\development\combat2d\release\combat2d.tlog\link.read.1.tlog
f:\development\combat2d\release\combat2d.tlog\link.write.1.tlog
